<?xml version="1.0" encoding="UTF-8"?>
<!-- Generated by org.testng.reporters.JUnitReportReporter -->
<testsuite skipped="0" hostname="DESKTOP-IRTQH73" name="com.huew.discover.testcase.Rough" tests="1" failures="0" timestamp="24 Jan 2019 15:55:55 GMT" time="9.369" errors="0">
  <testcase name="f" time="9.369" classname="com.huew.discover.testcase.Rough"/>
</testsuite> <!-- com.huew.discover.testcase.Rough -->
